    _________
    |/      |
    |      (_)
    |      \|/
    |       |
    |      / \
    |
____|___
    _________
    |/      |
    |      (_)
    |      \|/
    |       |
    |      /
    |
____|___
    _________
    |/      |
    |      (_)
    |      \|/
    |       |
    |
    |
____|___
    _________
    |/      |
    |      (_)
    |      \|/
    |
    |
    |
____|___
    _________
    |/      |
    |      (_)
    |      \|
    |
    |
    |
____|___
    _________
    |/      |
    |      (_)
    |
    |
    |
    |
____|___
    _________
    |/      |
    |
    |
    |
    |
    |
____|___
    _________
    |/
    |
    |
    |
    |
    |
____|___
    _________
    |
    |
    |
    |
    |
    |
____|___

    |
    |
    |
    |
    |
    |
____|___







____|___







