August
backpacking
baseball
bathing
suit
beach
berries
bikini
blistering
heatboating
camp
camping
canoeing
daisy
diving
ease
fan
flowers
fresh
fruit
Frisbee
gardening
grass
heat
hiking
holiday
hot
humidity
journey
July
June
lightning
muggy
ocean
outdoor
southside
park
picnic
play
popsicle
recreation
relax
sailing
sandals
sandcastle
sea
seashore
season
shorts
showers
sightseeing
summer
solstices
sundresss
sunflower
sunhat
sunny
sunscreen
swim
swimsuit
tan
thunder
thunderstorm
travel
tript
vacation
visit
warm
weather
watermelon
waterpark
waterski